UGTS_KC_K_Kij_T_Grove_3_9_2_COMPLETE_ALL_FILES/android/UGTSKCKKijTGrove/app/build/intermediates/manifest_merge_blame_file/pocoX7ProRelease/processPocoX7ProReleaseMainManifest/manifest-merger-blame-pocoX7Pro-release-report.txt
1<?xml version="1.0" encoding="utf-8"?>
2<manifest xmlns:android="http://schemas.android.com/apk/res/android"
3    package="nl.tomklootwijk.ugtskc.grove.poco"
4    android:versionCode="392"
5    android:versionName="3.9.2-poco-x7-pro-grove" >
6
7    <uses-sdk
8        android:minSdkVersion="26"
9        android:targetSdkVersion="36" />
10
11    <uses-feature
11-->src\main\AndroidManifest.xml:3:5-78
12        android:glEsVersion="0x00030000"
12-->src\main\AndroidManifest.xml:3:19-51
13        android:required="true" />
13-->src\main\AndroidManifest.xml:3:52-75
14    <uses-feature
14-->src\main\AndroidManifest.xml:4:5-90
15        android:name="android.hardware.touchscreen"
15-->src\main\AndroidManifest.xml:4:19-62
16        android:required="false" />
16-->src\main\AndroidManifest.xml:4:63-87
17    <uses-feature
17-->src\main\AndroidManifest.xml:5:5-86
18        android:name="android.hardware.gamepad"
18-->src\main\AndroidManifest.xml:5:19-58
19        android:required="false" />
19-->src\main\AndroidManifest.xml:5:59-83
20    <uses-feature
20-->src\main\AndroidManifest.xml:6:5-91
21        android:name="android.hardware.vulkan.level"
21-->src\main\AndroidManifest.xml:6:19-63
22        android:required="false" />
22-->src\main\AndroidManifest.xml:6:64-88
23    <uses-feature
23-->src\main\AndroidManifest.xml:7:5-93
24        android:name="android.hardware.vulkan.version"
24-->src\main\AndroidManifest.xml:7:19-65
25        android:required="false" />
25-->src\main\AndroidManifest.xml:7:66-90
26
27    <application
27-->src\main\AndroidManifest.xml:9:5-30:19
28        android:allowBackup="true"
28-->src\main\AndroidManifest.xml:10:9-35
29        android:extractNativeLibs="false"
30        android:fullBackupContent="false"
30-->src\main\AndroidManifest.xml:11:9-42
31        android:hasCode="false"
31-->src\main\AndroidManifest.xml:12:9-32
32        android:label="@string/app_name"
32-->src\main\AndroidManifest.xml:13:9-41
33        android:theme="@style/AppTheme" >
33-->src\main\AndroidManifest.xml:14:9-40
34        <activity
34-->src\main\AndroidManifest.xml:15:9-29:20
35            android:name="android.app.NativeActivity"
35-->src\main\AndroidManifest.xml:16:13-54
36            android:configChanges="orientation|keyboardHidden|screenSize|smallestScreenSize|screenLayout|uiMode|density"
36-->src\main\AndroidManifest.xml:17:13-121
37            android:exported="true"
37-->src\main\AndroidManifest.xml:18:13-36
38            android:launchMode="singleTask"
38-->src\main\AndroidManifest.xml:19:13-44
39            android:resizeableActivity="true"
39-->src\main\AndroidManifest.xml:20:13-46
40            android:screenOrientation="sensorLandscape" >
40-->src\main\AndroidManifest.xml:21:13-56
41            <meta-data
41-->src\main\AndroidManifest.xml:22:13-24:49
42                android:name="android.app.lib_name"
42-->src\main\AndroidManifest.xml:23:17-52
43                android:value="ugts_kc_grove" />
43-->src\main\AndroidManifest.xml:24:17-46
44
45            <intent-filter>
45-->src\main\AndroidManifest.xml:25:13-28:29
46                <action android:name="android.intent.action.MAIN" />
46-->src\main\AndroidManifest.xml:26:17-69
46-->src\main\AndroidManifest.xml:26:25-66
47
48                <category android:name="android.intent.category.LAUNCHER" />
48-->src\main\AndroidManifest.xml:27:17-77
48-->src\main\AndroidManifest.xml:27:27-74
49            </intent-filter>
50        </activity>
51    </application>
52
53</manifest>